                                           Table "public.customers"
+-------------+-----------------------+-----------+----------+------------------------------------------------+
|   Column    |         Type          | Collation | Nullable |                    Default                     |
+-------------+-----------------------+-----------+----------+------------------------------------------------+
| customer_id | integer               |           | not null | nextval('customers_customer_id_seq'::regclass) |
| phone       | character varying(15) |           | not null |                                                |
| name        | character varying(40) |           | not null |                                                |
+-------------+-----------------------+-----------+----------+------------------------------------------------+
Indexes:
    "customers_pkey" PRIMARY KEY, btree (customer_id)
    "customers_phone_key" UNIQUE CONSTRAINT, btree (phone)
Referenced by:
    TABLE "rentals" CONSTRAINT "rentals_customer_id_fkey" FOREIGN KEY (customer_id) REFERENCES customers(customer_id)

                       List of relations
+--------+---------------------------+----------+--------------+
| Schema |           Name            |   Type   |    Owner     |
+--------+---------------------------+----------+--------------+
| public | bikes                     | table    | freecodecamp |
| public | bikes_bike_id_seq         | sequence | freecodecamp |
| public | customers                 | table    | freecodecamp |
| public | customers_customer_id_seq | sequence | freecodecamp |
| public | rentals                   | table    | freecodecamp |
| public | rentals_rental_id_seq     | sequence | freecodecamp |
+--------+---------------------------+----------+--------------+
(6 rows)

                                    Table "public.rentals"
+---------------+---------+-----------+----------+--------------------------------------------+
|    Column     |  Type   | Collation | Nullable |                  Default                   |
+---------------+---------+-----------+----------+--------------------------------------------+
| rental_id     | integer |           | not null | nextval('rentals_rental_id_seq'::regclass) |
| customer_id   | integer |           | not null |                                            |
| bike_id       | integer |           | not null |                                            |
| date_rented   | date    |           | not null | now()                                      |
| date_returned | date    |           |          |                                            |
+---------------+---------+-----------+----------+--------------------------------------------+
Indexes:
    "rentals_pkey" PRIMARY KEY, btree (rental_id)
Foreign-key constraints:
    "rentals_bike_id_fkey" FOREIGN KEY (bike_id) REFERENCES bikes(bike_id)
    "rentals_customer_id_fkey" FOREIGN KEY (customer_id) REFERENCES customers(customer_id)

                                  
+-----------+-------------+---------+-------------+---------------+
| rental_id | customer_id | bike_id | date_rented | date_returned |
+-----------+-------------+---------+-------------+---------------+
|         1 |           1 |       1 | 2024-08-17  |               |
+-----------+-------------+---------+-------------+---------------+
(1 row)

                     
+---------+----------+------+-----------+
| bike_id |   type   | size | available |
+---------+----------+------+-----------+
|       2 | Mountain |   28 | t         |
|       3 | Mountain |   29 | t         |
|       4 | Road     |   27 | t         |
|       5 | Road     |   28 | t         |
|       6 | Road     |   29 | t         |
|       7 | BMX      |   19 | t         |
|       8 | BMX      |   20 | t         |
|       9 | BMX      |   21 | t         |
|       1 | Mountain |   27 | f         |
+---------+----------+------+-----------+
(9 rows)

                     
+---------+----------+------+-----------+
| bike_id |   type   | size | available |
+---------+----------+------+-----------+
|       1 | Mountain |   27 | f         |
|       2 | Mountain |   28 | t         |
|       3 | Mountain |   29 | t         |
|       4 | Road     |   27 | t         |
|       5 | Road     |   28 | t         |
|       6 | Road     |   29 | t         |
|       7 | BMX      |   19 | t         |
|       8 | BMX      |   20 | t         |
|       9 | BMX      |   21 | t         |
+---------+----------+------+-----------+
(9 rows)

                     
+---------+----------+------+-----------+
| bike_id |   type   | size | available |
+---------+----------+------+-----------+
|       1 | Mountain |   27 | f         |
|       2 | Mountain |   28 | f         |
|       3 | Mountain |   29 | f         |
|       4 | Road     |   27 | f         |
|       5 | Road     |   28 | f         |
|       6 | Road     |   29 | f         |
|       7 | BMX      |   19 | f         |
|       8 | BMX      |   20 | t         |
|       9 | BMX      |   21 | t         |
+---------+----------+------+-----------+
(9 rows)

                 
+-------------+----------+------+
| customer_id |  phone   | name |
+-------------+----------+------+
|           1 | 555-5555 | Me   |
|           2 | 000-0000 | Test |
+-------------+----------+------+
(2 rows)

                                  
+-----------+-------------+---------+-------------+---------------+
| rental_id | customer_id | bike_id | date_rented | date_returned |
+-----------+-------------+---------+-------------+---------------+
|         1 |           1 |       1 | 2024-08-17  |               |
|         2 |           1 |       2 | 2024-08-17  |               |
|         3 |           1 |       3 | 2024-08-17  |               |
|         4 |           1 |       4 | 2024-08-17  |               |
|         5 |           1 |       5 | 2024-08-17  |               |
|         6 |           2 |       6 | 2024-08-17  |               |
|         7 |           2 |       7 | 2024-08-17  |               |
+-----------+-------------+---------+-------------+---------------+
(7 rows)

